[
  {
    "line": 1,
    "elements": [
      {
        "start_timestamp": "2021-10-29T07:25:43.695Z",
        "line": 3,
        "name": "Verify whether User is able to access  -  VMS Application MSP User",
        "description": "",
        "id": "spring-1-simplifyvms-project-scenario;verify-whether-user-is-able-to-access-----vms-application-msp-user",
        "type": "scenario",
        "keyword": "Scenario",
        "steps": [
          {
            "result": {
              "duration": 17306000000,
              "status": "passed"
            },
            "line": 4,
            "name": "Enter application URL in address bar",
            "match": {
              "location": "demo.stepdefs.loginStepdefination.enter_application_url_in_address_bar()"
            },
            "keyword": "Given "
          },
          {
            "result": {
              "duration": 3093000000,
              "status": "passed"
            },
            "line": 5,
            "name": "Enter Username",
            "match": {
              "location": "demo.stepdefs.loginStepdefination.enter_username()"
            },
            "keyword": "When "
          },
          {
            "result": {
              "duration": 3112000000,
              "status": "passed"
            },
            "line": 6,
            "name": "Enter Password",
            "match": {
              "location": "demo.stepdefs.loginStepdefination.enter_password()"
            },
            "keyword": "Then "
          },
          {
            "result": {
              "duration": 17110000000,
              "status": "passed"
            },
            "line": 7,
            "name": "Click Sing_In",
            "match": {
              "location": "demo.stepdefs.loginStepdefination.click_sing_in()"
            },
            "keyword": "And "
          }
        ]
      },
      {
        "start_timestamp": "2021-10-29T07:26:24.392Z",
        "line": 22,
        "name": "Add Job in system MSP User",
        "description": "",
        "id": "spring-1-simplifyvms-project-scenario;add-job-in-system-msp-user",
        "type": "scenario",
        "keyword": "Scenario",
        "steps": [
          {
            "result": {
              "error_message": "org.openqa.selenium.NoSuchElementException: no such element: Unable to locate element: {\"method\":\"xpath\",\"selector\":\"//li[.\u003d\u0027work_outlineJobwork_outlineJob\u0027]\"}\n  (Session info: chrome\u003d95.0.4638.54)\nFor documentation on this error, please visit: https://www.seleniumhq.org/exceptions/no_such_element.html\nBuild info: version: \u00273.141.59\u0027, revision: \u0027e82be7d358\u0027, time: \u00272018-11-14T08:17:03\u0027\nSystem info: host: \u0027DESKTOP-FDLOKAD\u0027, ip: \u0027192.168.0.2\u0027, os.name: \u0027Windows 10\u0027, os.arch: \u0027amd64\u0027, os.version: \u002710.0\u0027, java.version: \u00271.8.0_312\u0027\nDriver info: org.openqa.selenium.chrome.ChromeDriver\nCapabilities {acceptInsecureCerts: false, browserName: chrome, browserVersion: 95.0.4638.54, chrome: {chromedriverVersion: 94.0.4606.61 (418b78f5838ed..., userDataDir: C:\\Users\\DELL\\AppData\\Local...}, goog:chromeOptions: {debuggerAddress: localhost:51401}, javascriptEnabled: true, networkConnectionEnabled: false, pageLoadStrategy: normal, platform: WINDOWS, platformName: WINDOWS, proxy: Proxy(), setWindowRect: true, strictFileInteractability: false, timeouts: {implicit: 0, pageLoad: 300000, script: 30000}, unhandledPromptBehavior: dismiss and notify, webauthn:extension:credBlob: true, webauthn:extension:largeBlob: true, webauthn:virtualAuthenticators: true}\nSession ID: 2d78831904120d924d4f7cb621e59b71\n*** Element info: {Using\u003dxpath, value\u003d//li[.\u003d\u0027work_outlineJobwork_outlineJob\u0027]}\r\n\tat sun.reflect.NativeConstructorAccessorImpl.newInstance0(Native Method)\r\n\tat sun.reflect.NativeConstructorAccessorImpl.newInstance(NativeConstructorAccessorImpl.java:62)\r\n\tat sun.reflect.DelegatingConstructorAccessorImpl.newInstance(DelegatingConstructorAccessorImpl.java:45)\r\n\tat java.lang.reflect.Constructor.newInstance(Constructor.java:423)\r\n\tat org.openqa.selenium.remote.http.W3CHttpResponseCodec.createException(W3CHttpResponseCodec.java:187)\r\n\tat org.openqa.selenium.remote.http.W3CHttpResponseCodec.decode(W3CHttpResponseCodec.java:122)\r\n\tat org.openqa.selenium.remote.http.W3CHttpResponseCodec.decode(W3CHttpResponseCodec.java:49)\r\n\tat org.openqa.selenium.remote.HttpCommandExecutor.execute(HttpCommandExecutor.java:158)\r\n\tat org.openqa.selenium.remote.service.DriverCommandExecutor.execute(DriverCommandExecutor.java:83)\r\n\tat org.openqa.selenium.remote.RemoteWebDriver.execute(RemoteWebDriver.java:552)\r\n\tat org.openqa.selenium.remote.RemoteWebDriver.findElement(RemoteWebDriver.java:323)\r\n\tat org.openqa.selenium.remote.RemoteWebDriver.findElementByXPath(RemoteWebDriver.java:428)\r\n\tat org.openqa.selenium.By$ByXPath.findElement(By.java:353)\r\n\tat org.openqa.selenium.remote.RemoteWebDriver.findElement(RemoteWebDriver.java:315)\r\n\tat org.openqa.selenium.support.pagefactory.DefaultElementLocator.findElement(DefaultElementLocator.java:69)\r\n\tat org.openqa.selenium.support.pagefactory.internal.LocatingElementHandler.invoke(LocatingElementHandler.java:38)\r\n\tat com.sun.proxy.$Proxy15.click(Unknown Source)\r\n\tat demo.pageObject.dashBoardXpath.clickOn(dashBoardXpath.java:224)\r\n\tat demo.stepdefs.loginStepdefination.click_the_second_icon_on_the_left_navigation_panel(loginStepdefination.java:256)\r\n\tat ✽.Click the second icon on the left navigation panel(file:///D:/driver/SimplyfyVMS/Simplify/SimplifyVMS/./src/test/resources/features/login.feature:23)\r\n",
              "duration": 52000000,
              "status": "failed"
            },
            "line": 23,
            "name": "Click the second icon on the left navigation panel",
            "match": {
              "location": "demo.stepdefs.loginStepdefination.click_the_second_icon_on_the_left_navigation_panel()"
            },
            "keyword": "Given "
          },
          {
            "result": {
              "status": "skipped"
            },
            "line": 24,
            "name": "A flyout window will appear. Click on \"\"Create Job\"\"",
            "match": {
              "location": "demo.stepdefs.loginStepdefination.a_flyout_window_will_appear_click_on_create_job()"
            },
            "keyword": "Then "
          },
          {
            "result": {
              "status": "skipped"
            },
            "line": 25,
            "name": "On the job template field, enter the job title or look for the desired job title under \"Recent Job Templates\" or \"Popular Job Templates\"",
            "match": {
              "arguments": [
                {
                  "val": "\"Recent Job Templates\"",
                  "offset": 87
                },
                {
                  "val": "\"Popular Job Templates\"",
                  "offset": 113
                }
              ],
              "location": "demo.stepdefs.loginStepdefination.on_the_job_template_field_enter_the_job_title_or_look_for_the_desired_job_title_under_or(java.lang.String,java.lang.String)"
            },
            "keyword": "Then "
          },
          {
            "result": {
              "duration": 1000000,
              "status": "skipped"
            },
            "line": 26,
            "name": "Select the job manager - work location will be auto populated; continue to select program industry",
            "match": {
              "location": "demo.stepdefs.loginStepdefination.select_the_job_manager_work_location_will_be_auto_populated_continue_to_select_program_industry()"
            },
            "keyword": "Then "
          },
          {
            "result": {
              "status": "skipped"
            },
            "line": 28,
            "name": "Click on \"Continue\" button\"",
            "match": {
              "arguments": [
                {
                  "val": "\"Continue\"",
                  "offset": 9
                }
              ],
              "location": "demo.stepdefs.loginStepdefination.click_on_button(java.lang.String)"
            },
            "keyword": "Then "
          }
        ]
      },
      {
        "start_timestamp": "2021-10-29T07:26:24.462Z",
        "line": 30,
        "name": "Add Job in system MSP User",
        "description": "",
        "id": "spring-1-simplifyvms-project-scenario;add-job-in-system-msp-user",
        "type": "scenario",
        "keyword": "Scenario",
        "steps": [
          {
            "result": {
              "error_message": "org.openqa.selenium.NoSuchElementException: no such element: Unable to locate element: {\"method\":\"xpath\",\"selector\":\"//input[@id\u003d\u0027start_date\u0027]\"}\n  (Session info: chrome\u003d95.0.4638.54)\nFor documentation on this error, please visit: https://www.seleniumhq.org/exceptions/no_such_element.html\nBuild info: version: \u00273.141.59\u0027, revision: \u0027e82be7d358\u0027, time: \u00272018-11-14T08:17:03\u0027\nSystem info: host: \u0027DESKTOP-FDLOKAD\u0027, ip: \u0027192.168.0.2\u0027, os.name: \u0027Windows 10\u0027, os.arch: \u0027amd64\u0027, os.version: \u002710.0\u0027, java.version: \u00271.8.0_312\u0027\nDriver info: org.openqa.selenium.chrome.ChromeDriver\nCapabilities {acceptInsecureCerts: false, browserName: chrome, browserVersion: 95.0.4638.54, chrome: {chromedriverVersion: 94.0.4606.61 (418b78f5838ed..., userDataDir: C:\\Users\\DELL\\AppData\\Local...}, goog:chromeOptions: {debuggerAddress: localhost:51401}, javascriptEnabled: true, networkConnectionEnabled: false, pageLoadStrategy: normal, platform: WINDOWS, platformName: WINDOWS, proxy: Proxy(), setWindowRect: true, strictFileInteractability: false, timeouts: {implicit: 0, pageLoad: 300000, script: 30000}, unhandledPromptBehavior: dismiss and notify, webauthn:extension:credBlob: true, webauthn:extension:largeBlob: true, webauthn:virtualAuthenticators: true}\nSession ID: 2d78831904120d924d4f7cb621e59b71\n*** Element info: {Using\u003dxpath, value\u003d//input[@id\u003d\u0027start_date\u0027]}\r\n\tat sun.reflect.NativeConstructorAccessorImpl.newInstance0(Native Method)\r\n\tat sun.reflect.NativeConstructorAccessorImpl.newInstance(NativeConstructorAccessorImpl.java:62)\r\n\tat sun.reflect.DelegatingConstructorAccessorImpl.newInstance(DelegatingConstructorAccessorImpl.java:45)\r\n\tat java.lang.reflect.Constructor.newInstance(Constructor.java:423)\r\n\tat org.openqa.selenium.remote.http.W3CHttpResponseCodec.createException(W3CHttpResponseCodec.java:187)\r\n\tat org.openqa.selenium.remote.http.W3CHttpResponseCodec.decode(W3CHttpResponseCodec.java:122)\r\n\tat org.openqa.selenium.remote.http.W3CHttpResponseCodec.decode(W3CHttpResponseCodec.java:49)\r\n\tat org.openqa.selenium.remote.HttpCommandExecutor.execute(HttpCommandExecutor.java:158)\r\n\tat org.openqa.selenium.remote.service.DriverCommandExecutor.execute(DriverCommandExecutor.java:83)\r\n\tat org.openqa.selenium.remote.RemoteWebDriver.execute(RemoteWebDriver.java:552)\r\n\tat org.openqa.selenium.remote.RemoteWebDriver.findElement(RemoteWebDriver.java:323)\r\n\tat org.openqa.selenium.remote.RemoteWebDriver.findElementByXPath(RemoteWebDriver.java:428)\r\n\tat org.openqa.selenium.By$ByXPath.findElement(By.java:353)\r\n\tat org.openqa.selenium.remote.RemoteWebDriver.findElement(RemoteWebDriver.java:315)\r\n\tat org.openqa.selenium.support.pagefactory.DefaultElementLocator.findElement(DefaultElementLocator.java:69)\r\n\tat org.openqa.selenium.support.pagefactory.internal.LocatingElementHandler.invoke(LocatingElementHandler.java:38)\r\n\tat com.sun.proxy.$Proxy15.click(Unknown Source)\r\n\tat demo.stepdefs.loginStepdefination.in_second_page_of_add_job_selected_the_estimated_started_and_end_dates_of_the_job_number_of_positions_expense_allowed_currency_unit_of_measure_min_and_max_bill_rate_and_over_time_exempt(loginStepdefination.java:388)\r\n\tat ✽.In second page of Add Job, selected the estimated started and end dates of the Job,number of positions, expense allowed, Currency, Unit of Measure, Min and Max Bill Rate, and Over time exempt(file:///D:/driver/SimplyfyVMS/Simplify/SimplifyVMS/./src/test/resources/features/login.feature:31)\r\n",
              "duration": 38000000,
              "status": "failed"
            },
            "line": 31,
            "name": "In second page of Add Job, selected the estimated started and end dates of the Job,number of positions, expense allowed, Currency, Unit of Measure, Min and Max Bill Rate, and Over time exempt",
            "match": {
              "location": "demo.stepdefs.loginStepdefination.in_second_page_of_add_job_selected_the_estimated_started_and_end_dates_of_the_job_number_of_positions_expense_allowed_currency_unit_of_measure_min_and_max_bill_rate_and_over_time_exempt()"
            },
            "keyword": "Given "
          },
          {
            "result": {
              "status": "skipped"
            },
            "line": 32,
            "name": "Post entry, scroll down to end of page to view the budget",
            "match": {
              "location": "demo.stepdefs.loginStepdefination.post_entry_scroll_down_to_end_of_page_to_view_the_budget()"
            },
            "keyword": "Then "
          },
          {
            "result": {
              "status": "skipped"
            },
            "line": 33,
            "name": "Click \"view detailed estimate\" to view the components that add up to create the budget; change details as needed",
            "match": {
              "arguments": [
                {
                  "val": "\"view detailed estimate\"",
                  "offset": 6
                }
              ],
              "location": "demo.stepdefs.loginStepdefination.click_to_view_the_components_that_add_up_to_create_the_budget_change_details_as_needed(java.lang.String)"
            },
            "keyword": "Then "
          },
          {
            "result": {
              "duration": 1000000,
              "status": "skipped"
            },
            "line": 34,
            "name": "Click \"Continue\"",
            "match": {
              "arguments": [
                {
                  "val": "\"Continue\"",
                  "offset": 6
                }
              ],
              "location": "demo.stepdefs.loginStepdefination.click(java.lang.String)"
            },
            "keyword": "Then "
          }
        ]
      },
      {
        "start_timestamp": "2021-10-29T07:26:24.508Z",
        "line": 36,
        "name": "Add Job in system MSP User",
        "description": "",
        "id": "spring-1-simplifyvms-project-scenario;add-job-in-system-msp-user",
        "type": "scenario",
        "keyword": "Scenario",
        "steps": [
          {
            "result": {
              "error_message": "org.openqa.selenium.NoSuchElementException: no such element: Unable to locate element: {\"method\":\"xpath\",\"selector\":\"//body/app-root[1]/app-main[1]/div[1]/div[1]/app-jobs[1]/app-create-job[1]/form[1]/div[1]/div[1]/div[1]/div[2]/div[1]/app-foundational-fields[1]/div[1]/div[1]/div[1]/div[1]/ng-select[1]/div[1]/span[2]\"}\n  (Session info: chrome\u003d95.0.4638.54)\nFor documentation on this error, please visit: https://www.seleniumhq.org/exceptions/no_such_element.html\nBuild info: version: \u00273.141.59\u0027, revision: \u0027e82be7d358\u0027, time: \u00272018-11-14T08:17:03\u0027\nSystem info: host: \u0027DESKTOP-FDLOKAD\u0027, ip: \u0027192.168.0.2\u0027, os.name: \u0027Windows 10\u0027, os.arch: \u0027amd64\u0027, os.version: \u002710.0\u0027, java.version: \u00271.8.0_312\u0027\nDriver info: org.openqa.selenium.chrome.ChromeDriver\nCapabilities {acceptInsecureCerts: false, browserName: chrome, browserVersion: 95.0.4638.54, chrome: {chromedriverVersion: 94.0.4606.61 (418b78f5838ed..., userDataDir: C:\\Users\\DELL\\AppData\\Local...}, goog:chromeOptions: {debuggerAddress: localhost:51401}, javascriptEnabled: true, networkConnectionEnabled: false, pageLoadStrategy: normal, platform: WINDOWS, platformName: WINDOWS, proxy: Proxy(), setWindowRect: true, strictFileInteractability: false, timeouts: {implicit: 0, pageLoad: 300000, script: 30000}, unhandledPromptBehavior: dismiss and notify, webauthn:extension:credBlob: true, webauthn:extension:largeBlob: true, webauthn:virtualAuthenticators: true}\nSession ID: 2d78831904120d924d4f7cb621e59b71\n*** Element info: {Using\u003dxpath, value\u003d//body/app-root[1]/app-main[1]/div[1]/div[1]/app-jobs[1]/app-create-job[1]/form[1]/div[1]/div[1]/div[1]/div[2]/div[1]/app-foundational-fields[1]/div[1]/div[1]/div[1]/div[1]/ng-select[1]/div[1]/span[2]}\r\n\tat sun.reflect.NativeConstructorAccessorImpl.newInstance0(Native Method)\r\n\tat sun.reflect.NativeConstructorAccessorImpl.newInstance(NativeConstructorAccessorImpl.java:62)\r\n\tat sun.reflect.DelegatingConstructorAccessorImpl.newInstance(DelegatingConstructorAccessorImpl.java:45)\r\n\tat java.lang.reflect.Constructor.newInstance(Constructor.java:423)\r\n\tat org.openqa.selenium.remote.http.W3CHttpResponseCodec.createException(W3CHttpResponseCodec.java:187)\r\n\tat org.openqa.selenium.remote.http.W3CHttpResponseCodec.decode(W3CHttpResponseCodec.java:122)\r\n\tat org.openqa.selenium.remote.http.W3CHttpResponseCodec.decode(W3CHttpResponseCodec.java:49)\r\n\tat org.openqa.selenium.remote.HttpCommandExecutor.execute(HttpCommandExecutor.java:158)\r\n\tat org.openqa.selenium.remote.service.DriverCommandExecutor.execute(DriverCommandExecutor.java:83)\r\n\tat org.openqa.selenium.remote.RemoteWebDriver.execute(RemoteWebDriver.java:552)\r\n\tat org.openqa.selenium.remote.RemoteWebDriver.findElement(RemoteWebDriver.java:323)\r\n\tat org.openqa.selenium.remote.RemoteWebDriver.findElementByXPath(RemoteWebDriver.java:428)\r\n\tat org.openqa.selenium.By$ByXPath.findElement(By.java:353)\r\n\tat org.openqa.selenium.remote.RemoteWebDriver.findElement(RemoteWebDriver.java:315)\r\n\tat org.openqa.selenium.support.pagefactory.DefaultElementLocator.findElement(DefaultElementLocator.java:69)\r\n\tat org.openqa.selenium.support.pagefactory.internal.LocatingElementHandler.invoke(LocatingElementHandler.java:38)\r\n\tat com.sun.proxy.$Proxy15.click(Unknown Source)\r\n\tat demo.stepdefs.loginStepdefination.the_foundational_data_will_be_defaulted_based_on_the_selection_made_click_each_field_to_make_changes_if_necessary(loginStepdefination.java:322)\r\n\tat ✽.The foundational data will be defaulted based on the selection made . Click each field to make changes if necessary(file:///D:/driver/SimplyfyVMS/Simplify/SimplifyVMS/./src/test/resources/features/login.feature:37)\r\n",
              "duration": 39000000,
              "status": "failed"
            },
            "line": 37,
            "name": "The foundational data will be defaulted based on the selection made . Click each field to make changes if necessary",
            "match": {
              "location": "demo.stepdefs.loginStepdefination.the_foundational_data_will_be_defaulted_based_on_the_selection_made_click_each_field_to_make_changes_if_necessary()"
            },
            "keyword": "Given "
          },
          {
            "result": {
              "status": "skipped"
            },
            "line": 38,
            "name": "Click \"Submit\" to create the job",
            "match": {
              "arguments": [
                {
                  "val": "\"Submit\"",
                  "offset": 6
                }
              ],
              "location": "demo.stepdefs.loginStepdefination.click_to_create_the_job(java.lang.String)"
            },
            "keyword": "Then "
          }
        ]
      },
      {
        "start_timestamp": "2021-10-29T07:26:24.559Z",
        "line": 40,
        "name": "View Job Workflow on Job Requisition MSP User",
        "description": "",
        "id": "spring-1-simplifyvms-project-scenario;view-job-workflow-on-job-requisition-msp-user",
        "type": "scenario",
        "keyword": "Scenario",
        "steps": [
          {
            "result": {
              "error_message": "org.openqa.selenium.NoSuchElementException: no such element: Unable to locate element: {\"method\":\"xpath\",\"selector\":\"//header/div[2]/div[1]/button[1]\"}\n  (Session info: chrome\u003d95.0.4638.54)\nFor documentation on this error, please visit: https://www.seleniumhq.org/exceptions/no_such_element.html\nBuild info: version: \u00273.141.59\u0027, revision: \u0027e82be7d358\u0027, time: \u00272018-11-14T08:17:03\u0027\nSystem info: host: \u0027DESKTOP-FDLOKAD\u0027, ip: \u0027192.168.0.2\u0027, os.name: \u0027Windows 10\u0027, os.arch: \u0027amd64\u0027, os.version: \u002710.0\u0027, java.version: \u00271.8.0_312\u0027\nDriver info: org.openqa.selenium.chrome.ChromeDriver\nCapabilities {acceptInsecureCerts: false, browserName: chrome, browserVersion: 95.0.4638.54, chrome: {chromedriverVersion: 94.0.4606.61 (418b78f5838ed..., userDataDir: C:\\Users\\DELL\\AppData\\Local...}, goog:chromeOptions: {debuggerAddress: localhost:51401}, javascriptEnabled: true, networkConnectionEnabled: false, pageLoadStrategy: normal, platform: WINDOWS, platformName: WINDOWS, proxy: Proxy(), setWindowRect: true, strictFileInteractability: false, timeouts: {implicit: 0, pageLoad: 300000, script: 30000}, unhandledPromptBehavior: dismiss and notify, webauthn:extension:credBlob: true, webauthn:extension:largeBlob: true, webauthn:virtualAuthenticators: true}\nSession ID: 2d78831904120d924d4f7cb621e59b71\n*** Element info: {Using\u003dxpath, value\u003d//header/div[2]/div[1]/button[1]}\r\n\tat sun.reflect.NativeConstructorAccessorImpl.newInstance0(Native Method)\r\n\tat sun.reflect.NativeConstructorAccessorImpl.newInstance(NativeConstructorAccessorImpl.java:62)\r\n\tat sun.reflect.DelegatingConstructorAccessorImpl.newInstance(DelegatingConstructorAccessorImpl.java:45)\r\n\tat java.lang.reflect.Constructor.newInstance(Constructor.java:423)\r\n\tat org.openqa.selenium.remote.http.W3CHttpResponseCodec.createException(W3CHttpResponseCodec.java:187)\r\n\tat org.openqa.selenium.remote.http.W3CHttpResponseCodec.decode(W3CHttpResponseCodec.java:122)\r\n\tat org.openqa.selenium.remote.http.W3CHttpResponseCodec.decode(W3CHttpResponseCodec.java:49)\r\n\tat org.openqa.selenium.remote.HttpCommandExecutor.execute(HttpCommandExecutor.java:158)\r\n\tat org.openqa.selenium.remote.service.DriverCommandExecutor.execute(DriverCommandExecutor.java:83)\r\n\tat org.openqa.selenium.remote.RemoteWebDriver.execute(RemoteWebDriver.java:552)\r\n\tat org.openqa.selenium.remote.RemoteWebDriver.findElement(RemoteWebDriver.java:323)\r\n\tat org.openqa.selenium.remote.RemoteWebDriver.findElementByXPath(RemoteWebDriver.java:428)\r\n\tat org.openqa.selenium.By$ByXPath.findElement(By.java:353)\r\n\tat org.openqa.selenium.remote.RemoteWebDriver.findElement(RemoteWebDriver.java:315)\r\n\tat org.openqa.selenium.support.pagefactory.DefaultElementLocator.findElement(DefaultElementLocator.java:69)\r\n\tat org.openqa.selenium.support.pagefactory.internal.LocatingElementHandler.invoke(LocatingElementHandler.java:38)\r\n\tat com.sun.proxy.$Proxy15.isDisplayed(Unknown Source)\r\n\tat demo.stepdefs.loginStepdefination.once_submitted_the_user_will_be_shown_the_details_of_the_job_created(loginStepdefination.java:225)\r\n\tat ✽.Once submitted, the user will be shown the details of the job created(file:///D:/driver/SimplyfyVMS/Simplify/SimplifyVMS/./src/test/resources/features/login.feature:41)\r\n",
              "duration": 36000000,
              "status": "failed"
            },
            "line": 41,
            "name": "Once submitted, the user will be shown the details of the job created",
            "match": {
              "location": "demo.stepdefs.loginStepdefination.once_submitted_the_user_will_be_shown_the_details_of_the_job_created()"
            },
            "keyword": "Given "
          },
          {
            "result": {
              "status": "skipped"
            },
            "line": 42,
            "name": "Click on the approvals tab on the job detatils page to view the approval workflow",
            "match": {
              "location": "demo.stepdefs.loginStepdefination.click_on_the_approvals_tab_on_the_job_detatils_page_to_view_the_approval_workflow()"
            },
            "keyword": "Then "
          },
          {
            "result": {
              "status": "skipped"
            },
            "line": 43,
            "name": "You should see the first level of approval as the Hiring Manager and the second level of approval as HM+1\"",
            "match": {
              "arguments": [
                {
                  "val": "1",
                  "offset": 104
                }
              ],
              "location": "demo.stepdefs.loginStepdefination.you_should_see_the_first_level_of_approval_as_the_hiring_manager_and_the_second_level_of_approval_as_hm(java.lang.Integer)"
            },
            "keyword": "Then "
          }
        ]
      },
      {
        "start_timestamp": "2021-10-29T07:26:24.606Z",
        "line": 45,
        "name": "Approve Step 1 of Job Requisition Client User/HM",
        "description": "",
        "id": "spring-1-simplifyvms-project-scenario;approve-step-1-of-job-requisition-client-user/hm",
        "type": "scenario",
        "keyword": "Scenario",
        "steps": [
          {
            "result": {
              "error_message": "org.openqa.selenium.NoSuchElementException: no such element: Unable to locate element: {\"method\":\"xpath\",\"selector\":\"//span[@class\u003d\u0027text-capitalize\u0027]\"}\n  (Session info: chrome\u003d95.0.4638.54)\nFor documentation on this error, please visit: https://www.seleniumhq.org/exceptions/no_such_element.html\nBuild info: version: \u00273.141.59\u0027, revision: \u0027e82be7d358\u0027, time: \u00272018-11-14T08:17:03\u0027\nSystem info: host: \u0027DESKTOP-FDLOKAD\u0027, ip: \u0027192.168.0.2\u0027, os.name: \u0027Windows 10\u0027, os.arch: \u0027amd64\u0027, os.version: \u002710.0\u0027, java.version: \u00271.8.0_312\u0027\nDriver info: org.openqa.selenium.chrome.ChromeDriver\nCapabilities {acceptInsecureCerts: false, browserName: chrome, browserVersion: 95.0.4638.54, chrome: {chromedriverVersion: 94.0.4606.61 (418b78f5838ed..., userDataDir: C:\\Users\\DELL\\AppData\\Local...}, goog:chromeOptions: {debuggerAddress: localhost:51401}, javascriptEnabled: true, networkConnectionEnabled: false, pageLoadStrategy: normal, platform: WINDOWS, platformName: WINDOWS, proxy: Proxy(), setWindowRect: true, strictFileInteractability: false, timeouts: {implicit: 0, pageLoad: 300000, script: 30000}, unhandledPromptBehavior: dismiss and notify, webauthn:extension:credBlob: true, webauthn:extension:largeBlob: true, webauthn:virtualAuthenticators: true}\nSession ID: 2d78831904120d924d4f7cb621e59b71\n*** Element info: {Using\u003dxpath, value\u003d//span[@class\u003d\u0027text-capitalize\u0027]}\r\n\tat sun.reflect.NativeConstructorAccessorImpl.newInstance0(Native Method)\r\n\tat sun.reflect.NativeConstructorAccessorImpl.newInstance(NativeConstructorAccessorImpl.java:62)\r\n\tat sun.reflect.DelegatingConstructorAccessorImpl.newInstance(DelegatingConstructorAccessorImpl.java:45)\r\n\tat java.lang.reflect.Constructor.newInstance(Constructor.java:423)\r\n\tat org.openqa.selenium.remote.http.W3CHttpResponseCodec.createException(W3CHttpResponseCodec.java:187)\r\n\tat org.openqa.selenium.remote.http.W3CHttpResponseCodec.decode(W3CHttpResponseCodec.java:122)\r\n\tat org.openqa.selenium.remote.http.W3CHttpResponseCodec.decode(W3CHttpResponseCodec.java:49)\r\n\tat org.openqa.selenium.remote.HttpCommandExecutor.execute(HttpCommandExecutor.java:158)\r\n\tat org.openqa.selenium.remote.service.DriverCommandExecutor.execute(DriverCommandExecutor.java:83)\r\n\tat org.openqa.selenium.remote.RemoteWebDriver.execute(RemoteWebDriver.java:552)\r\n\tat org.openqa.selenium.remote.RemoteWebDriver.findElement(RemoteWebDriver.java:323)\r\n\tat org.openqa.selenium.remote.RemoteWebDriver.findElementByXPath(RemoteWebDriver.java:428)\r\n\tat org.openqa.selenium.By$ByXPath.findElement(By.java:353)\r\n\tat org.openqa.selenium.remote.RemoteWebDriver.findElement(RemoteWebDriver.java:315)\r\n\tat org.openqa.selenium.support.pagefactory.DefaultElementLocator.findElement(DefaultElementLocator.java:69)\r\n\tat org.openqa.selenium.support.pagefactory.internal.LocatingElementHandler.invoke(LocatingElementHandler.java:38)\r\n\tat com.sun.proxy.$Proxy15.isDisplayed(Unknown Source)\r\n\tat demo.stepdefs.loginStepdefination.login_as_hiring_manager_using_the_credentials_for_the_hiring_manager(loginStepdefination.java:452)\r\n\tat ✽.Login as Hiring manager using the credentials for the Hiring Manager(file:///D:/driver/SimplyfyVMS/Simplify/SimplifyVMS/./src/test/resources/features/login.feature:46)\r\n",
              "duration": 36000000,
              "status": "failed"
            },
            "line": 46,
            "name": "Login as Hiring manager using the credentials for the Hiring Manager",
            "match": {
              "location": "demo.stepdefs.loginStepdefination.login_as_hiring_manager_using_the_credentials_for_the_hiring_manager()"
            },
            "keyword": "Given "
          },
          {
            "result": {
              "status": "skipped"
            },
            "line": 47,
            "name": "From the dashboard under pending actions widget, click on jobs pending approval",
            "match": {
              "location": "demo.stepdefs.loginStepdefination.from_the_dashboard_under_pending_actions_widget_click_on_jobs_pending_approval()"
            },
            "keyword": "Then "
          },
          {
            "result": {
              "status": "skipped"
            },
            "line": 48,
            "name": "Select the job created and either click on the approval tab or on the Pending approval button on the top right corner of the screen.",
            "match": {
              "location": "demo.stepdefs.loginStepdefination.select_the_job_created_and_either_click_on_the_approval_tab_or_on_the_pending_approval_button_on_the_top_right_corner_of_the_screen()"
            },
            "keyword": "Then "
          },
          {
            "result": {
              "status": "skipped"
            },
            "line": 49,
            "name": "Click on approve",
            "match": {
              "location": "demo.stepdefs.loginStepdefination.click_on_approve()"
            },
            "keyword": "Then "
          }
        ]
      },
      {
        "start_timestamp": "2021-10-29T07:26:24.650Z",
        "line": 51,
        "name": "Approve Step 2 of Job Requisition Client User/HM",
        "description": "",
        "id": "spring-1-simplifyvms-project-scenario;approve-step-2-of-job-requisition-client-user/hm",
        "type": "scenario",
        "keyword": "Scenario",
        "steps": [
          {
            "result": {
              "error_message": "org.openqa.selenium.NoSuchElementException: no such element: Unable to locate element: {\"method\":\"xpath\",\"selector\":\"//span[@class\u003d\u0027text-capitalize\u0027]\"}\n  (Session info: chrome\u003d95.0.4638.54)\nFor documentation on this error, please visit: https://www.seleniumhq.org/exceptions/no_such_element.html\nBuild info: version: \u00273.141.59\u0027, revision: \u0027e82be7d358\u0027, time: \u00272018-11-14T08:17:03\u0027\nSystem info: host: \u0027DESKTOP-FDLOKAD\u0027, ip: \u0027192.168.0.2\u0027, os.name: \u0027Windows 10\u0027, os.arch: \u0027amd64\u0027, os.version: \u002710.0\u0027, java.version: \u00271.8.0_312\u0027\nDriver info: org.openqa.selenium.chrome.ChromeDriver\nCapabilities {acceptInsecureCerts: false, browserName: chrome, browserVersion: 95.0.4638.54, chrome: {chromedriverVersion: 94.0.4606.61 (418b78f5838ed..., userDataDir: C:\\Users\\DELL\\AppData\\Local...}, goog:chromeOptions: {debuggerAddress: localhost:51401}, javascriptEnabled: true, networkConnectionEnabled: false, pageLoadStrategy: normal, platform: WINDOWS, platformName: WINDOWS, proxy: Proxy(), setWindowRect: true, strictFileInteractability: false, timeouts: {implicit: 0, pageLoad: 300000, script: 30000}, unhandledPromptBehavior: dismiss and notify, webauthn:extension:credBlob: true, webauthn:extension:largeBlob: true, webauthn:virtualAuthenticators: true}\nSession ID: 2d78831904120d924d4f7cb621e59b71\n*** Element info: {Using\u003dxpath, value\u003d//span[@class\u003d\u0027text-capitalize\u0027]}\r\n\tat sun.reflect.NativeConstructorAccessorImpl.newInstance0(Native Method)\r\n\tat sun.reflect.NativeConstructorAccessorImpl.newInstance(NativeConstructorAccessorImpl.java:62)\r\n\tat sun.reflect.DelegatingConstructorAccessorImpl.newInstance(DelegatingConstructorAccessorImpl.java:45)\r\n\tat java.lang.reflect.Constructor.newInstance(Constructor.java:423)\r\n\tat org.openqa.selenium.remote.http.W3CHttpResponseCodec.createException(W3CHttpResponseCodec.java:187)\r\n\tat org.openqa.selenium.remote.http.W3CHttpResponseCodec.decode(W3CHttpResponseCodec.java:122)\r\n\tat org.openqa.selenium.remote.http.W3CHttpResponseCodec.decode(W3CHttpResponseCodec.java:49)\r\n\tat org.openqa.selenium.remote.HttpCommandExecutor.execute(HttpCommandExecutor.java:158)\r\n\tat org.openqa.selenium.remote.service.DriverCommandExecutor.execute(DriverCommandExecutor.java:83)\r\n\tat org.openqa.selenium.remote.RemoteWebDriver.execute(RemoteWebDriver.java:552)\r\n\tat org.openqa.selenium.remote.RemoteWebDriver.findElement(RemoteWebDriver.java:323)\r\n\tat org.openqa.selenium.remote.RemoteWebDriver.findElementByXPath(RemoteWebDriver.java:428)\r\n\tat org.openqa.selenium.By$ByXPath.findElement(By.java:353)\r\n\tat org.openqa.selenium.remote.RemoteWebDriver.findElement(RemoteWebDriver.java:315)\r\n\tat org.openqa.selenium.support.pagefactory.DefaultElementLocator.findElement(DefaultElementLocator.java:69)\r\n\tat org.openqa.selenium.support.pagefactory.internal.LocatingElementHandler.invoke(LocatingElementHandler.java:38)\r\n\tat com.sun.proxy.$Proxy15.isDisplayed(Unknown Source)\r\n\tat demo.stepdefs.loginStepdefination.login_as_hiring_manager_using_the_credentials_for_the_hiring_manager(loginStepdefination.java:521)\r\n\tat ✽.Login as Hiring manager+1 using the credentials for the Hiring Manager+1(file:///D:/driver/SimplyfyVMS/Simplify/SimplifyVMS/./src/test/resources/features/login.feature:52)\r\n",
              "duration": 46000000,
              "status": "failed"
            },
            "line": 52,
            "name": "Login as Hiring manager+1 using the credentials for the Hiring Manager+1",
            "match": {
              "arguments": [
                {
                  "val": "1",
                  "offset": 24
                },
                {
                  "val": "1",
                  "offset": 71
                }
              ],
              "location": "demo.stepdefs.loginStepdefination.login_as_hiring_manager_using_the_credentials_for_the_hiring_manager(java.lang.Integer,java.lang.Integer)"
            },
            "keyword": "Given "
          },
          {
            "result": {
              "status": "skipped"
            },
            "line": 53,
            "name": "From the dashboard under pending actions widget, click on jobs pending approval",
            "match": {
              "location": "demo.stepdefs.loginStepdefination.from_the_dashboard_under_pending_actions_widget_click_on_jobs_pending_approval()"
            },
            "keyword": "Then "
          },
          {
            "result": {
              "status": "skipped"
            },
            "line": 54,
            "name": "Select the job created and either click on the approval tab or on the Pending approval button on the top right corner of the screen.",
            "match": {
              "location": "demo.stepdefs.loginStepdefination.select_the_job_created_and_either_click_on_the_approval_tab_or_on_the_pending_approval_button_on_the_top_right_corner_of_the_screen()"
            },
            "keyword": "Then "
          },
          {
            "result": {
              "status": "skipped"
            },
            "line": 55,
            "name": "Click on approve",
            "match": {
              "location": "demo.stepdefs.loginStepdefination.click_on_approve()"
            },
            "keyword": "Then "
          }
        ]
      },
      {
        "start_timestamp": "2021-10-29T07:26:24.715Z",
        "line": 57,
        "name": "Release Job to supplier/s MSP User",
        "description": "",
        "id": "spring-1-simplifyvms-project-scenario;release-job-to-supplier/s-msp-user",
        "type": "scenario",
        "keyword": "Scenario",
        "steps": [
          {
            "result": {
              "error_message": "org.openqa.selenium.NoSuchElementException: no such element: Unable to locate element: {\"method\":\"xpath\",\"selector\":\"//span[@class\u003d\u0027text-capitalize\u0027]\"}\n  (Session info: chrome\u003d95.0.4638.54)\nFor documentation on this error, please visit: https://www.seleniumhq.org/exceptions/no_such_element.html\nBuild info: version: \u00273.141.59\u0027, revision: \u0027e82be7d358\u0027, time: \u00272018-11-14T08:17:03\u0027\nSystem info: host: \u0027DESKTOP-FDLOKAD\u0027, ip: \u0027192.168.0.2\u0027, os.name: \u0027Windows 10\u0027, os.arch: \u0027amd64\u0027, os.version: \u002710.0\u0027, java.version: \u00271.8.0_312\u0027\nDriver info: org.openqa.selenium.chrome.ChromeDriver\nCapabilities {acceptInsecureCerts: false, browserName: chrome, browserVersion: 95.0.4638.54, chrome: {chromedriverVersion: 94.0.4606.61 (418b78f5838ed..., userDataDir: C:\\Users\\DELL\\AppData\\Local...}, goog:chromeOptions: {debuggerAddress: localhost:51401}, javascriptEnabled: true, networkConnectionEnabled: false, pageLoadStrategy: normal, platform: WINDOWS, platformName: WINDOWS, proxy: Proxy(), setWindowRect: true, strictFileInteractability: false, timeouts: {implicit: 0, pageLoad: 300000, script: 30000}, unhandledPromptBehavior: dismiss and notify, webauthn:extension:credBlob: true, webauthn:extension:largeBlob: true, webauthn:virtualAuthenticators: true}\nSession ID: 2d78831904120d924d4f7cb621e59b71\n*** Element info: {Using\u003dxpath, value\u003d//span[@class\u003d\u0027text-capitalize\u0027]}\r\n\tat sun.reflect.NativeConstructorAccessorImpl.newInstance0(Native Method)\r\n\tat sun.reflect.NativeConstructorAccessorImpl.newInstance(NativeConstructorAccessorImpl.java:62)\r\n\tat sun.reflect.DelegatingConstructorAccessorImpl.newInstance(DelegatingConstructorAccessorImpl.java:45)\r\n\tat java.lang.reflect.Constructor.newInstance(Constructor.java:423)\r\n\tat org.openqa.selenium.remote.http.W3CHttpResponseCodec.createException(W3CHttpResponseCodec.java:187)\r\n\tat org.openqa.selenium.remote.http.W3CHttpResponseCodec.decode(W3CHttpResponseCodec.java:122)\r\n\tat org.openqa.selenium.remote.http.W3CHttpResponseCodec.decode(W3CHttpResponseCodec.java:49)\r\n\tat org.openqa.selenium.remote.HttpCommandExecutor.execute(HttpCommandExecutor.java:158)\r\n\tat org.openqa.selenium.remote.service.DriverCommandExecutor.execute(DriverCommandExecutor.java:83)\r\n\tat org.openqa.selenium.remote.RemoteWebDriver.execute(RemoteWebDriver.java:552)\r\n\tat org.openqa.selenium.remote.RemoteWebDriver.findElement(RemoteWebDriver.java:323)\r\n\tat org.openqa.selenium.remote.RemoteWebDriver.findElementByXPath(RemoteWebDriver.java:428)\r\n\tat org.openqa.selenium.By$ByXPath.findElement(By.java:353)\r\n\tat org.openqa.selenium.remote.RemoteWebDriver.findElement(RemoteWebDriver.java:315)\r\n\tat org.openqa.selenium.support.pagefactory.DefaultElementLocator.findElement(DefaultElementLocator.java:69)\r\n\tat org.openqa.selenium.support.pagefactory.internal.LocatingElementHandler.invoke(LocatingElementHandler.java:38)\r\n\tat com.sun.proxy.$Proxy15.isDisplayed(Unknown Source)\r\n\tat demo.stepdefs.loginStepdefination.log_back_in_as_the_msp_user_click_on_the_briefcase_icon_on_the_left_navigation_panel_and_from_the_flyout_window_select_view_all_jobs(loginStepdefination.java:553)\r\n\tat ✽.Log back in as the MSP User, click on the briefcase icon on the left navigation panel and from the flyout window select View All jobs(file:///D:/driver/SimplyfyVMS/Simplify/SimplifyVMS/./src/test/resources/features/login.feature:58)\r\n",
              "duration": 34000000,
              "status": "failed"
            },
            "line": 58,
            "name": "Log back in as the MSP User, click on the briefcase icon on the left navigation panel and from the flyout window select View All jobs",
            "match": {
              "location": "demo.stepdefs.loginStepdefination.log_back_in_as_the_msp_user_click_on_the_briefcase_icon_on_the_left_navigation_panel_and_from_the_flyout_window_select_view_all_jobs()"
            },
            "keyword": "Given "
          },
          {
            "result": {
              "status": "skipped"
            },
            "line": 59,
            "name": "Click on the Job title of the Job you\u0027re working on",
            "match": {
              "location": "demo.stepdefs.loginStepdefination.click_on_the_job_title_of_the_job_you_re_working_on()"
            },
            "keyword": "Then "
          },
          {
            "result": {
              "status": "skipped"
            },
            "line": 60,
            "name": "Job Details should open and you will find an actions button on the top right corner of the screen;",
            "match": {
              "location": "demo.stepdefs.loginStepdefination.job_details_should_open_and_you_will_find_an_actions_button_on_the_top_right_corner_of_the_screen()"
            },
            "keyword": "Then "
          },
          {
            "result": {
              "status": "skipped"
            },
            "line": 61,
            "name": "select Distribute",
            "match": {
              "location": "demo.stepdefs.loginStepdefination.select_distribute()"
            },
            "keyword": "Then "
          },
          {
            "result": {
              "status": "skipped"
            },
            "line": 62,
            "name": "This will bring the user to the distribute tab and the user can type to search the vendors",
            "match": {
              "location": "demo.stepdefs.loginStepdefination.this_will_bring_the_user_to_the_distribute_tab_and_the_user_can_type_to_search_the_vendors()"
            },
            "keyword": "Then "
          },
          {
            "result": {
              "status": "skipped"
            },
            "line": 63,
            "name": "Once added, Click on Enbale Submission Limit toggle to set it ON or OFF",
            "match": {
              "location": "demo.stepdefs.loginStepdefination.once_added_click_on_enbale_submission_limit_toggle_to_set_it_on_or_off()"
            },
            "keyword": "Then "
          },
          {
            "result": {
              "status": "skipped"
            },
            "line": 64,
            "name": "Click on Distribute",
            "match": {
              "location": "demo.stepdefs.loginStepdefination.click_on_distribute()"
            },
            "keyword": "Then "
          }
        ]
      }
    ],
    "name": "Spring 1 SimplifyVMS project scenario",
    "description": "",
    "id": "spring-1-simplifyvms-project-scenario",
    "keyword": "Feature",
    "uri": "file:src/test/resources/features/login.feature",
    "tags": []
  }
]